<?xml version="1.0" encoding="UTF-8"?>
<!-- Generated by org.testng.reporters.JUnitReportReporter -->
<testsuite hostname="DESKTOP-NP8VCI1" failures="0" tests="1" name="AllTopics.AssertionNavigationBar" time="39.375" errors="0" timestamp="6 Jan 2020 13:46:16 GMT">
  <testcase classname="AllTopics.AssertionNavigationBar" name="basePageNavigation" time="39.375"/>
</testsuite> <!-- AllTopics.AssertionNavigationBar -->
