<?xml version="1.0" encoding="UTF-8"?>
<!-- Generated by org.testng.reporters.JUnitReportReporter -->
<testsuite hostname="DESKTOP-NP8VCI1" failures="0" tests="1" name="AllTopics.Assertions" time="46.165" errors="0" timestamp="6 Jan 2020 03:31:00 GMT">
  <testcase classname="AllTopics.Assertions" name="basePageNavigation" time="46.165"/>
</testsuite> <!-- AllTopics.Assertions -->
