<?xml version="1.0" encoding="UTF-8"?>
<!-- Generated by org.testng.reporters.JUnitReportReporter -->
<testsuite hostname="DESKTOP-NP8VCI1" failures="0" tests="2" name="AllTopics.HomePage" time="95.156" errors="0" timestamp="6 Jan 2020 13:46:16 GMT">
  <testcase classname="AllTopics.HomePage" name="basePageNavigation" time="66.494"/>
  <testcase classname="AllTopics.HomePage" name="basePageNavigation" time="28.662"/>
</testsuite> <!-- AllTopics.HomePage -->
