<?xml version="1.0" encoding="UTF-8"?>
<!-- Generated by org.testng.reporters.JUnitReportReporter -->
<testsuite hostname="DESKTOP-NP8VCI1" failures="0" tests="1" name="AllTopics.AssertionTitle" time="0.101" errors="0" timestamp="7 Jan 2020 03:02:51 GMT">
  <testcase classname="AllTopics.AssertionTitle" name="validateAppTitle" time="0.101"/>
</testsuite> <!-- AllTopics.AssertionTitle -->
