<?xml version="1.0" encoding="UTF-8"?>
<!-- Generated by org.testng.reporters.JUnitReportReporter -->
<testsuite hostname="DESKTOP-NP8VCI1" failures="0" tests="2" name="AllTopics.HomePage" time="153.318" errors="0" timestamp="7 Jan 2020 03:02:51 GMT">
  <testcase classname="AllTopics.HomePage" name="basePageNavigation" time="51.502"/>
  <testcase classname="AllTopics.HomePage" name="basePageNavigation" time="101.816"/>
</testsuite> <!-- AllTopics.HomePage -->
